Started by upstream project "[8mha:////4MSajOzXBeBcvj29qkrLZh2aJmMlJzr1RctIgqZVTAFBAAAAmB+LCAAAAAAAAP9b85aBtbiIQTGjNKU4P08vOT+vOD8nVc83PyU1x6OyILUoJzMv2y+/JJUBAhiZGBgqihhk0NSjKDWzXb3RdlLBUSYGJk8GtpzUvPSSDB8G5tKinBIGIZ+sxLJE/ZzEvHT94JKizLx0a6BxUmjGOUNodHsLgAy2EgYe/az8JP3k/Nzc0jx9AMP+EVvBAAAA[0mcommun" build number [8mha:////4J+u+s/vWMRp2S5vEeJG5aDZIauumN1E/lRHgmuua/FoAAAAmh+LCAAAAAAAAP9b85aBtbiIQTGjNKU4P08vOT+vOD8nVc83PyU1x6OyILUoJzMv2y+/JJUBAhiZGBgqihhk0NSjKDWzXb3RdlLBUSYGJk8GtpzUvPSSDB8G5tKinBIGIZ+sxLJE/ZzEvHT94JKizLx0a6BxUmjGOUNodHsLgAymEgY+/az8JP3k/Nzc0jx9IzMAB7XvesMAAAA=[0m26
originally caused by:
 Started by user [8mha:////4LWRKVM/RLrsh5ZZtu96AvWW3T3LEjJKChClVcZTORbQAAAAmR+LCAAAAAAAAP9b85aBtbiIQTGjNKU4P08vOT+vOD8nVc83PyU1x6OyILUoJzMv2y+/JJUBAhiZGBgqihhk0NSjKDWzXb3RdlLBUSYGJk8GtpzUvPSSDB8G5tKinBIGIZ+sxLJE/ZzEvHT94JKizLx0a6BxUmjGOUNodHsLgAz2EgZe/dLi1CL9tJz8oszEPADJzGJ3wgAAAA==[0mFlorian
Building in workspace /var/jenkins_home/workspace/polyeventbackendwar
 > git rev-parse --is-inside-work-tree # timeout=10
Fetching changes from the remote Git repository
 > git config remote.origin.url https://lf612146@mjollnir.unice.fr/bitbucket/scm/idh/main.git # timeout=10
Fetching upstream changes from https://lf612146@mjollnir.unice.fr/bitbucket/scm/idh/main.git
 > git --version # timeout=10
using GIT_ASKPASS to set credentials 
 > git fetch --tags --progress https://lf612146@mjollnir.unice.fr/bitbucket/scm/idh/main.git +refs/heads/*:refs/remotes/origin/*
 > git rev-parse refs/remotes/origin/test/artifactory^{commit} # timeout=10
 > git rev-parse refs/remotes/origin/origin/test/artifactory^{commit} # timeout=10
Checking out Revision aa30cd8e65554f4402c273c2acfe9a27adf877da (refs/remotes/origin/test/artifactory)
 > git config core.sparsecheckout # timeout=10
 > git checkout -f aa30cd8e65554f4402c273c2acfe9a27adf877da
Commit message: "change token for artifactory"
 > git rev-list --no-walk aa30cd8e65554f4402c273c2acfe9a27adf877da # timeout=10
[polyeventbackendwar] $ /bin/sh -xe /tmp/jenkins168215934685599829.sh
+ cd polyeventbackend/polyeventbackendwar
+ docker build . -t polyeventbackend:latest
Sending build context to Docker daemon  105.5MB
Step 1/2 : FROM tomee:8-jre-7.0.2-plus
 ---> 8311f7a68f5b
Step 2/2 : ADD target/polyeventbackend-war.war /usr/local/tomee/webapps
 ---> Using cache
 ---> 6d79249d3e46
Successfully built 6d79249d3e46
Successfully tagged polyeventbackend:latest
[polyeventbackendwar] $ /var/jenkins_home/tools/hudson.tasks.Maven_MavenInstallation/maven/bin/mvn -f polyeventbackend/polyeventbackendwar clean deploy
[INFO] Scanning for projects...
[INFO] 
[INFO] --------< fr.unice.polytech.isa.polyevent:polyeventbackend-war >--------
[INFO] Building polyeventbackend-war Maven Webapp 1.0-SNAPSHOT
[INFO] --------------------------------[ war ]---------------------------------
[8mha:////4BIEaX2bKlcH4dIKHD+Qg/bVl2uFtoE3H7/44o96aqNhAAAAYx+LCAAAAAAAAP9b85aBtbiIQSWjNKU4P0+vJLE4u1gvPjexLDVPzxdEhicW5WXmpfvll6S2fNly5fzGzauYGBgqihikoFqS8/OK83NS9ZwhNEghAwQwghQWAACwxA+XYgAAAA==[0m[WARNING] The POM for com.fasterxml.jackson.core:jackson-core:jar:2.9.5 is missing, no dependency information available
Downloading from central: http://artifactory:8081/artifactory/polyeventbackend/fr/unice/polytech/isa/polyevent/caissier/1.0-SNAPSHOT/caissier-1.0-20180504.075136-6.pom
Progress (1): 972 B                   Downloaded from central: http://artifactory:8081/artifactory/polyeventbackend/fr/unice/polytech/isa/polyevent/caissier/1.0-SNAPSHOT/caissier-1.0-20180504.075136-6.pom (972 B at 3.2 kB/s)
Downloading from snapshots: http://artifactory:8081/artifactory/polyeventbackend/fr/unice/polytech/isa/polyevent/caissier/1.0-SNAPSHOT/caissier-1.0-20180504.075136-6.pom
Downloaded from snapshots: http://artifactory:8081/artifactory/polyeventbackend/fr/unice/polytech/isa/polyevent/caissier/1.0-SNAPSHOT/caissier-1.0-20180504.075136-6.pom (0 B at 0 B/s)
[INFO] ------------------------------------------------------------------------
[INFO] BUILD FAILURE
[INFO] ------------------------------------------------------------------------
[INFO] Total time: 12.718 s
[INFO] Finished at: 2018-05-04T07:54:16Z
[INFO] ------------------------------------------------------------------------
[8mha:////4MUqphpctUrimA0GL9ShYZHNtfujh43wX2GQjkyeZkM1AAAAYB+LCAAAAAAAAP9b85aBtbiIQSmjNKU4P0+vJLE4u1gvPjexLDVPzxdEuhYV5Rf55ZekOlc7RKnPKH7IxMBQUcQgBdWQnJ9XnJ+TqucMoUEKGSCAEaSwAACsNFCqYAAAAA==[0m[ERROR] Failed to execute goal on project polyeventbackend-war: Could not resolve dependencies for project fr.unice.polytech.isa.polyevent:polyeventbackend-war:war:1.0-SNAPSHOT: Failure to find com.fasterxml.jackson.core:jackson-core:jar:2.9.5 in http://artifactory:8081/artifactory/polyeventbackend was cached in the local repository, resolution will not be reattempted until the update interval of central has elapsed or updates are forced -> [Help 1]
[8mha:////4MUqphpctUrimA0GL9ShYZHNtfujh43wX2GQjkyeZkM1AAAAYB+LCAAAAAAAAP9b85aBtbiIQSmjNKU4P0+vJLE4u1gvPjexLDVPzxdEuhYV5Rf55ZekOlc7RKnPKH7IxMBQUcQgBdWQnJ9XnJ+TqucMoUEKGSCAEaSwAACsNFCqYAAAAA==[0m[ERROR] 
[8mha:////4MUqphpctUrimA0GL9ShYZHNtfujh43wX2GQjkyeZkM1AAAAYB+LCAAAAAAAAP9b85aBtbiIQSmjNKU4P0+vJLE4u1gvPjexLDVPzxdEuhYV5Rf55ZekOlc7RKnPKH7IxMBQUcQgBdWQnJ9XnJ+TqucMoUEKGSCAEaSwAACsNFCqYAAAAA==[0m[ERROR] To see the full stack trace of the errors, re-run Maven with the -e switch.
[8mha:////4MUqphpctUrimA0GL9ShYZHNtfujh43wX2GQjkyeZkM1AAAAYB+LCAAAAAAAAP9b85aBtbiIQSmjNKU4P0+vJLE4u1gvPjexLDVPzxdEuhYV5Rf55ZekOlc7RKnPKH7IxMBQUcQgBdWQnJ9XnJ+TqucMoUEKGSCAEaSwAACsNFCqYAAAAA==[0m[ERROR] Re-run Maven using the -X switch to enable full debug logging.
[8mha:////4MUqphpctUrimA0GL9ShYZHNtfujh43wX2GQjkyeZkM1AAAAYB+LCAAAAAAAAP9b85aBtbiIQSmjNKU4P0+vJLE4u1gvPjexLDVPzxdEuhYV5Rf55ZekOlc7RKnPKH7IxMBQUcQgBdWQnJ9XnJ+TqucMoUEKGSCAEaSwAACsNFCqYAAAAA==[0m[ERROR] 
[8mha:////4MUqphpctUrimA0GL9ShYZHNtfujh43wX2GQjkyeZkM1AAAAYB+LCAAAAAAAAP9b85aBtbiIQSmjNKU4P0+vJLE4u1gvPjexLDVPzxdEuhYV5Rf55ZekOlc7RKnPKH7IxMBQUcQgBdWQnJ9XnJ+TqucMoUEKGSCAEaSwAACsNFCqYAAAAA==[0m[ERROR] For more information about the errors and possible solutions, please read the following articles:
[8mha:////4MUqphpctUrimA0GL9ShYZHNtfujh43wX2GQjkyeZkM1AAAAYB+LCAAAAAAAAP9b85aBtbiIQSmjNKU4P0+vJLE4u1gvPjexLDVPzxdEuhYV5Rf55ZekOlc7RKnPKH7IxMBQUcQgBdWQnJ9XnJ+TqucMoUEKGSCAEaSwAACsNFCqYAAAAA==[0m[ERROR] [Help 1] http://cwiki.apache.org/confluence/display/MAVEN/DependencyResolutionException
Build step 'Invoke top-level Maven targets' marked build as failure
Finished: FAILURE
