Started by upstream project "[8mha:////4MSajOzXBeBcvj29qkrLZh2aJmMlJzr1RctIgqZVTAFBAAAAmB+LCAAAAAAAAP9b85aBtbiIQTGjNKU4P08vOT+vOD8nVc83PyU1x6OyILUoJzMv2y+/JJUBAhiZGBgqihhk0NSjKDWzXb3RdlLBUSYGJk8GtpzUvPSSDB8G5tKinBIGIZ+sxLJE/ZzEvHT94JKizLx0a6BxUmjGOUNodHsLgAy2EgYe/az8JP3k/Nzc0jx9AMP+EVvBAAAA[0mcommun" build number [8mha:////4G3sdAwNq6D+Gur/lOg2O2+V0kfVgUueMGfNZOOJIn9yAAAAmh+LCAAAAAAAAP9b85aBtbiIQTGjNKU4P08vOT+vOD8nVc83PyU1x6OyILUoJzMv2y+/JJUBAhiZGBgqihhk0NSjKDWzXb3RdlLBUSYGJk8GtpzUvPSSDB8G5tKinBIGIZ+sxLJE/ZzEvHT94JKizLx0a6BxUmjGOUNodHsLgAymEgY+/az8JP3k/Nzc0jx9Y0MA5RGQ/cMAAAA=[0m31
originally caused by:
 Started by user [8mha:////4LWRKVM/RLrsh5ZZtu96AvWW3T3LEjJKChClVcZTORbQAAAAmR+LCAAAAAAAAP9b85aBtbiIQTGjNKU4P08vOT+vOD8nVc83PyU1x6OyILUoJzMv2y+/JJUBAhiZGBgqihhk0NSjKDWzXb3RdlLBUSYGJk8GtpzUvPSSDB8G5tKinBIGIZ+sxLJE/ZzEvHT94JKizLx0a6BxUmjGOUNodHsLgAz2EgZe/dLi1CL9tJz8oszEPADJzGJ3wgAAAA==[0mFlorian
Building in workspace /var/jenkins_home/workspace/demandeprestation
 > git rev-parse --is-inside-work-tree # timeout=10
Fetching changes from the remote Git repository
 > git config remote.origin.url https://lf612146@mjollnir.unice.fr/bitbucket/scm/idh/main.git # timeout=10
Fetching upstream changes from https://lf612146@mjollnir.unice.fr/bitbucket/scm/idh/main.git
 > git --version # timeout=10
using GIT_ASKPASS to set credentials 
 > git fetch --tags --progress https://lf612146@mjollnir.unice.fr/bitbucket/scm/idh/main.git +refs/heads/*:refs/remotes/origin/*
 > git rev-parse refs/remotes/origin/test/artifactory^{commit} # timeout=10
 > git rev-parse refs/remotes/origin/origin/test/artifactory^{commit} # timeout=10
Checking out Revision 4f6a801032e8c941ad234e095f6d5134df2c45d5 (refs/remotes/origin/test/artifactory)
 > git config core.sparsecheckout # timeout=10
 > git checkout -f 4f6a801032e8c941ad234e095f6d5134df2c45d5
Commit message: "change token for artifactory"
 > git rev-list --no-walk 16ff36de2ce421080ce07a837dcffb4d39a5f536 # timeout=10
[demandeprestation] $ /var/jenkins_home/tools/hudson.tasks.Maven_MavenInstallation/maven/bin/mvn -f polyeventbackend/demandeprestation clean deploy
[INFO] Scanning for projects...
[INFO] 
[INFO] --< fr.unice.polytech.isa.polyevent:polyevent-backend-demande-prestation >--
[INFO] Building polyevent-backend-demande-prestation 1.0-SNAPSHOT
[INFO] --------------------------------[ jar ]---------------------------------
Downloading from snapshots: http://192.168.43.80:8081/artifactory/libs-snapshot-local/fr/unice/polytech/isa/polyevent/commun/1.0-SNAPSHOT/commun-1.0-20180504.082442-6.pom
Progress (1): 2.3 kB                    Downloaded from snapshots: http://192.168.43.80:8081/artifactory/libs-snapshot-local/fr/unice/polytech/isa/polyevent/commun/1.0-SNAPSHOT/commun-1.0-20180504.082442-6.pom (2.3 kB at 3.7 kB/s)
Downloading from central: http://192.168.43.80:8081/artifactory/libs-snapshot-local/com/fasterxml/jackson/core/jackson-core/2.9.5/jackson-core-2.9.5.pom
Downloading from central: http://192.168.43.80:8081/artifactory/libs-snapshot-local/com/fasterxml/jackson/core/jackson-core/2.9.4/jackson-core-2.9.4.pom
[INFO] ------------------------------------------------------------------------
[INFO] BUILD FAILURE
[INFO] ------------------------------------------------------------------------
[INFO] Total time: 18.062 s
[INFO] Finished at: 2018-05-04T08:25:20Z
[INFO] ------------------------------------------------------------------------
[8mha:////4MUqphpctUrimA0GL9ShYZHNtfujh43wX2GQjkyeZkM1AAAAYB+LCAAAAAAAAP9b85aBtbiIQSmjNKU4P0+vJLE4u1gvPjexLDVPzxdEuhYV5Rf55ZekOlc7RKnPKH7IxMBQUcQgBdWQnJ9XnJ+TqucMoUEKGSCAEaSwAACsNFCqYAAAAA==[0m[ERROR] Failed to execute goal on project polyevent-backend-demande-prestation: Could not resolve dependencies for project fr.unice.polytech.isa.polyevent:polyevent-backend-demande-prestation:jar:1.0-SNAPSHOT: Failed to collect dependencies at fr.unice.polytech.isa.polyevent:commun:jar:1.0-SNAPSHOT -> com.fasterxml.jackson.core:jackson-core:jar:2.9.5: Failed to read artifact descriptor for com.fasterxml.jackson.core:jackson-core:jar:2.9.5: Could not transfer artifact com.fasterxml.jackson.core:jackson-core:pom:2.9.5 from/to central (http://192.168.43.80:8081/artifactory/libs-snapshot-local): Failed to transfer file: http://192.168.43.80:8081/artifactory/libs-snapshot-local/com/fasterxml/jackson/core/jackson-core/2.9.5/jackson-core-2.9.5.pom. Return code is: 409 , ReasonPhrase:Conflict. -> [Help 1]
[8mha:////4MUqphpctUrimA0GL9ShYZHNtfujh43wX2GQjkyeZkM1AAAAYB+LCAAAAAAAAP9b85aBtbiIQSmjNKU4P0+vJLE4u1gvPjexLDVPzxdEuhYV5Rf55ZekOlc7RKnPKH7IxMBQUcQgBdWQnJ9XnJ+TqucMoUEKGSCAEaSwAACsNFCqYAAAAA==[0m[ERROR] 
[8mha:////4MUqphpctUrimA0GL9ShYZHNtfujh43wX2GQjkyeZkM1AAAAYB+LCAAAAAAAAP9b85aBtbiIQSmjNKU4P0+vJLE4u1gvPjexLDVPzxdEuhYV5Rf55ZekOlc7RKnPKH7IxMBQUcQgBdWQnJ9XnJ+TqucMoUEKGSCAEaSwAACsNFCqYAAAAA==[0m[ERROR] To see the full stack trace of the errors, re-run Maven with the -e switch.
[8mha:////4MUqphpctUrimA0GL9ShYZHNtfujh43wX2GQjkyeZkM1AAAAYB+LCAAAAAAAAP9b85aBtbiIQSmjNKU4P0+vJLE4u1gvPjexLDVPzxdEuhYV5Rf55ZekOlc7RKnPKH7IxMBQUcQgBdWQnJ9XnJ+TqucMoUEKGSCAEaSwAACsNFCqYAAAAA==[0m[ERROR] Re-run Maven using the -X switch to enable full debug logging.
[8mha:////4MUqphpctUrimA0GL9ShYZHNtfujh43wX2GQjkyeZkM1AAAAYB+LCAAAAAAAAP9b85aBtbiIQSmjNKU4P0+vJLE4u1gvPjexLDVPzxdEuhYV5Rf55ZekOlc7RKnPKH7IxMBQUcQgBdWQnJ9XnJ+TqucMoUEKGSCAEaSwAACsNFCqYAAAAA==[0m[ERROR] 
[8mha:////4MUqphpctUrimA0GL9ShYZHNtfujh43wX2GQjkyeZkM1AAAAYB+LCAAAAAAAAP9b85aBtbiIQSmjNKU4P0+vJLE4u1gvPjexLDVPzxdEuhYV5Rf55ZekOlc7RKnPKH7IxMBQUcQgBdWQnJ9XnJ+TqucMoUEKGSCAEaSwAACsNFCqYAAAAA==[0m[ERROR] For more information about the errors and possible solutions, please read the following articles:
[8mha:////4MUqphpctUrimA0GL9ShYZHNtfujh43wX2GQjkyeZkM1AAAAYB+LCAAAAAAAAP9b85aBtbiIQSmjNKU4P0+vJLE4u1gvPjexLDVPzxdEuhYV5Rf55ZekOlc7RKnPKH7IxMBQUcQgBdWQnJ9XnJ+TqucMoUEKGSCAEaSwAACsNFCqYAAAAA==[0m[ERROR] [Help 1] http://cwiki.apache.org/confluence/display/MAVEN/DependencyResolutionException
Build step 'Invoke top-level Maven targets' marked build as failure
Finished: FAILURE
