Started by upstream project "[8mha:////4MSajOzXBeBcvj29qkrLZh2aJmMlJzr1RctIgqZVTAFBAAAAmB+LCAAAAAAAAP9b85aBtbiIQTGjNKU4P08vOT+vOD8nVc83PyU1x6OyILUoJzMv2y+/JJUBAhiZGBgqihhk0NSjKDWzXb3RdlLBUSYGJk8GtpzUvPSSDB8G5tKinBIGIZ+sxLJE/ZzEvHT94JKizLx0a6BxUmjGOUNodHsLgAy2EgYe/az8JP3k/Nzc0jx9AMP+EVvBAAAA[0mcommun" build number [8mha:////4J4x75cTjQ58bTUr3Xzm+5+OF3EEaEaoeVP2EOCpPfjuAAAAmh+LCAAAAAAAAP9b85aBtbiIQTGjNKU4P08vOT+vOD8nVc83PyU1x6OyILUoJzMv2y+/JJUBAhiZGBgqihhk0NSjKDWzXb3RdlLBUSYGJk8GtpzUvPSSDB8G5tKinBIGIZ+sxLJE/ZzEvHT94JKizLx0a6BxUmjGOUNodHsLgAymEgY+/az8JP3k/Nzc0jx9E3MAFyKyW8MAAAA=[0m47
originally caused by:
 Started by user [8mha:////4LWRKVM/RLrsh5ZZtu96AvWW3T3LEjJKChClVcZTORbQAAAAmR+LCAAAAAAAAP9b85aBtbiIQTGjNKU4P08vOT+vOD8nVc83PyU1x6OyILUoJzMv2y+/JJUBAhiZGBgqihhk0NSjKDWzXb3RdlLBUSYGJk8GtpzUvPSSDB8G5tKinBIGIZ+sxLJE/ZzEvHT94JKizLx0a6BxUmjGOUNodHsLgAz2EgZe/dLi1CL9tJz8oszEPADJzGJ3wgAAAA==[0mFlorian
Building in workspace /var/jenkins_home/workspace/comptable
 > git rev-parse --is-inside-work-tree # timeout=10
Fetching changes from the remote Git repository
 > git config remote.origin.url https://lf612146@mjollnir.unice.fr/bitbucket/scm/idh/main.git # timeout=10
Fetching upstream changes from https://lf612146@mjollnir.unice.fr/bitbucket/scm/idh/main.git
 > git --version # timeout=10
using GIT_ASKPASS to set credentials 
 > git fetch --tags --progress https://lf612146@mjollnir.unice.fr/bitbucket/scm/idh/main.git +refs/heads/*:refs/remotes/origin/*
 > git rev-parse refs/remotes/origin/test/artifactory^{commit} # timeout=10
 > git rev-parse refs/remotes/origin/origin/test/artifactory^{commit} # timeout=10
Checking out Revision 4b208e0c205e27605998ff63d204428733ff9ec1 (refs/remotes/origin/test/artifactory)
 > git config core.sparsecheckout # timeout=10
 > git checkout -f 4b208e0c205e27605998ff63d204428733ff9ec1
Commit message: "Merge branch 'feature/development' into test/artifactory"
 > git rev-list --no-walk 4b208e0c205e27605998ff63d204428733ff9ec1 # timeout=10
[comptable] $ /var/jenkins_home/tools/hudson.tasks.Maven_MavenInstallation/maven/bin/mvn -f polyeventbackend/comptable clean deploy
[INFO] Scanning for projects...
[INFO] ------------------------------------------------------------------------
[INFO] Reactor Build Order:
[INFO] 
[INFO] comptable                                                          [pom]
[INFO] comptable.bean                                                     [jar]
[INFO] comptable.webservice                                               [jar]
[INFO] 
[INFO] -------------< fr.unice.polytech.isa.polyevent:comptable >--------------
[INFO] Building comptable 1.0-SNAPSHOT                                    [1/3]
[INFO] --------------------------------[ pom ]---------------------------------
[INFO] 
[8mha:////4NR45fkHq0XIkYVozu20bP8vkvx4Ke8xwAt5E+4mKS79AAAAYB+LCAAAAAAAAP9b85aBtbiIQSmjNKU4P0+vJLE4u1gvPjexLDVPzxdEGvvmZ+X75ZekLlOVfvTjc8FPJgaGiiIGKaiG5Py84vycVD1nCA1SyAABjCCFBQCV27OjYAAAAA==[0m[INFO] --- maven-clean-plugin:2.5:clean (default-clean) @ comptable ---
[INFO] 
[8mha:////4NR45fkHq0XIkYVozu20bP8vkvx4Ke8xwAt5E+4mKS79AAAAYB+LCAAAAAAAAP9b85aBtbiIQSmjNKU4P0+vJLE4u1gvPjexLDVPzxdEGvvmZ+X75ZekLlOVfvTjc8FPJgaGiiIGKaiG5Py84vycVD1nCA1SyAABjCCFBQCV27OjYAAAAA==[0m[INFO] --- maven-install-plugin:2.4:install (default-install) @ comptable ---
[INFO] Installing /var/jenkins_home/workspace/comptable/polyeventbackend/comptable/pom.xml to /var/jenkins_home/.m2/repository/fr/unice/polytech/isa/polyevent/comptable/1.0-SNAPSHOT/comptable-1.0-SNAPSHOT.pom
[INFO] 
[8mha:////4NR45fkHq0XIkYVozu20bP8vkvx4Ke8xwAt5E+4mKS79AAAAYB+LCAAAAAAAAP9b85aBtbiIQSmjNKU4P0+vJLE4u1gvPjexLDVPzxdEGvvmZ+X75ZekLlOVfvTjc8FPJgaGiiIGKaiG5Py84vycVD1nCA1SyAABjCCFBQCV27OjYAAAAA==[0m[INFO] --- maven-deploy-plugin:2.7:deploy (default-deploy) @ comptable ---
Downloading from snapshots: http://artifactory:8081/artifactory/polyeventbackend/fr/unice/polytech/isa/polyevent/comptable/1.0-SNAPSHOT/maven-metadata.xml
Progress (1): 784 B                   Downloaded from snapshots: http://artifactory:8081/artifactory/polyeventbackend/fr/unice/polytech/isa/polyevent/comptable/1.0-SNAPSHOT/maven-metadata.xml (784 B at 2.0 kB/s)
Uploading to snapshots: http://artifactory:8081/artifactory/polyeventbackend/fr/unice/polytech/isa/polyevent/comptable/1.0-SNAPSHOT/comptable-1.0-20180515.194133-9.pom
Progress (1): 1.1 kB                    Uploaded to snapshots: http://artifactory:8081/artifactory/polyeventbackend/fr/unice/polytech/isa/polyevent/comptable/1.0-SNAPSHOT/comptable-1.0-20180515.194133-9.pom (1.1 kB at 5.8 kB/s)
Downloading from snapshots: http://artifactory:8081/artifactory/polyeventbackend/fr/unice/polytech/isa/polyevent/comptable/maven-metadata.xml
Progress (1): 387 B                   Downloaded from snapshots: http://artifactory:8081/artifactory/polyeventbackend/fr/unice/polytech/isa/polyevent/comptable/maven-metadata.xml (387 B at 2.0 kB/s)
Uploading to snapshots: http://artifactory:8081/artifactory/polyeventbackend/fr/unice/polytech/isa/polyevent/comptable/1.0-SNAPSHOT/maven-metadata.xml
Progress (1): 784 B                   Uploaded to snapshots: http://artifactory:8081/artifactory/polyeventbackend/fr/unice/polytech/isa/polyevent/comptable/1.0-SNAPSHOT/maven-metadata.xml (784 B at 11 kB/s)
Uploading to snapshots: http://artifactory:8081/artifactory/polyeventbackend/fr/unice/polytech/isa/polyevent/comptable/maven-metadata.xml
Progress (1): 332 B                   Uploaded to snapshots: http://artifactory:8081/artifactory/polyeventbackend/fr/unice/polytech/isa/polyevent/comptable/maven-metadata.xml (332 B at 4.2 kB/s)
[INFO] 
[INFO] -----------< fr.unice.polytech.isa.polyevent:comptable.bean >-----------
[INFO] Building comptable.bean 1.0-SNAPSHOT                               [2/3]
[INFO] --------------------------------[ jar ]---------------------------------
Downloading from snapshots: http://artifactory:8081/artifactory/polyeventbackend/fr/unice/polytech/isa/polyevent/commun/1.0-SNAPSHOT/commun-1.0-20180515.194103-10.pom
Progress (1): 2.3 kB                    Downloaded from snapshots: http://artifactory:8081/artifactory/polyeventbackend/fr/unice/polytech/isa/polyevent/commun/1.0-SNAPSHOT/commun-1.0-20180515.194103-10.pom (2.3 kB at 25 kB/s)
[8mha:////4BIEaX2bKlcH4dIKHD+Qg/bVl2uFtoE3H7/44o96aqNhAAAAYx+LCAAAAAAAAP9b85aBtbiIQSWjNKU4P0+vJLE4u1gvPjexLDVPzxdEhicW5WXmpfvll6S2fNly5fzGzauYGBgqihikoFqS8/OK83NS9ZwhNEghAwQwghQWAACwxA+XYgAAAA==[0m[WARNING] The POM for fr.unice.polytech.isa.polyevent:profil.bean:jar:1.0-SNAPSHOT is missing, no dependency information available
Downloading from snapshots: http://artifactory:8081/artifactory/polyeventbackend/fr/unice/polytech/isa/polyevent/commun/1.0-SNAPSHOT/commun-1.0-20180515.194103-10.jar
Progress (1): 4.1/43 kBProgress (1): 7.5/43 kBProgress (1): 12/43 kB Progress (1): 16/43 kBProgress (1): 20/43 kBProgress (1): 24/43 kBProgress (1): 28/43 kBProgress (1): 32/43 kBProgress (1): 36/43 kBProgress (1): 40/43 kBProgress (1): 43 kB                      Downloaded from snapshots: http://artifactory:8081/artifactory/polyeventbackend/fr/unice/polytech/isa/polyevent/commun/1.0-SNAPSHOT/commun-1.0-20180515.194103-10.jar (43 kB at 291 kB/s)
[INFO] ------------------------------------------------------------------------
[INFO] Reactor Summary:
[INFO] 
[INFO] comptable 1.0-SNAPSHOT ............................. SUCCESS [  7.592 s]
[INFO] comptable.bean ..................................... FAILURE [ 23.456 s]
[INFO] comptable.webservice 1.0-SNAPSHOT .................. SKIPPED
[INFO] ------------------------------------------------------------------------
[INFO] BUILD FAILURE
[INFO] ------------------------------------------------------------------------
[INFO] Total time: 31.937 s
[INFO] Finished at: 2018-05-15T19:41:57Z
[INFO] ------------------------------------------------------------------------
[8mha:////4MUqphpctUrimA0GL9ShYZHNtfujh43wX2GQjkyeZkM1AAAAYB+LCAAAAAAAAP9b85aBtbiIQSmjNKU4P0+vJLE4u1gvPjexLDVPzxdEuhYV5Rf55ZekOlc7RKnPKH7IxMBQUcQgBdWQnJ9XnJ+TqucMoUEKGSCAEaSwAACsNFCqYAAAAA==[0m[ERROR] Failed to execute goal on project comptable.bean: Could not resolve dependencies for project fr.unice.polytech.isa.polyevent:comptable.bean:jar:1.0-SNAPSHOT: Failure to find fr.unice.polytech.isa.polyevent:profil.bean:jar:1.0-SNAPSHOT in http://artifactory:8081/artifactory/polyeventbackend was cached in the local repository, resolution will not be reattempted until the update interval of snapshots has elapsed or updates are forced -> [Help 1]
[8mha:////4MUqphpctUrimA0GL9ShYZHNtfujh43wX2GQjkyeZkM1AAAAYB+LCAAAAAAAAP9b85aBtbiIQSmjNKU4P0+vJLE4u1gvPjexLDVPzxdEuhYV5Rf55ZekOlc7RKnPKH7IxMBQUcQgBdWQnJ9XnJ+TqucMoUEKGSCAEaSwAACsNFCqYAAAAA==[0m[ERROR] 
[8mha:////4MUqphpctUrimA0GL9ShYZHNtfujh43wX2GQjkyeZkM1AAAAYB+LCAAAAAAAAP9b85aBtbiIQSmjNKU4P0+vJLE4u1gvPjexLDVPzxdEuhYV5Rf55ZekOlc7RKnPKH7IxMBQUcQgBdWQnJ9XnJ+TqucMoUEKGSCAEaSwAACsNFCqYAAAAA==[0m[ERROR] To see the full stack trace of the errors, re-run Maven with the -e switch.
[8mha:////4MUqphpctUrimA0GL9ShYZHNtfujh43wX2GQjkyeZkM1AAAAYB+LCAAAAAAAAP9b85aBtbiIQSmjNKU4P0+vJLE4u1gvPjexLDVPzxdEuhYV5Rf55ZekOlc7RKnPKH7IxMBQUcQgBdWQnJ9XnJ+TqucMoUEKGSCAEaSwAACsNFCqYAAAAA==[0m[ERROR] Re-run Maven using the -X switch to enable full debug logging.
[8mha:////4MUqphpctUrimA0GL9ShYZHNtfujh43wX2GQjkyeZkM1AAAAYB+LCAAAAAAAAP9b85aBtbiIQSmjNKU4P0+vJLE4u1gvPjexLDVPzxdEuhYV5Rf55ZekOlc7RKnPKH7IxMBQUcQgBdWQnJ9XnJ+TqucMoUEKGSCAEaSwAACsNFCqYAAAAA==[0m[ERROR] 
[8mha:////4MUqphpctUrimA0GL9ShYZHNtfujh43wX2GQjkyeZkM1AAAAYB+LCAAAAAAAAP9b85aBtbiIQSmjNKU4P0+vJLE4u1gvPjexLDVPzxdEuhYV5Rf55ZekOlc7RKnPKH7IxMBQUcQgBdWQnJ9XnJ+TqucMoUEKGSCAEaSwAACsNFCqYAAAAA==[0m[ERROR] For more information about the errors and possible solutions, please read the following articles:
[8mha:////4MUqphpctUrimA0GL9ShYZHNtfujh43wX2GQjkyeZkM1AAAAYB+LCAAAAAAAAP9b85aBtbiIQSmjNKU4P0+vJLE4u1gvPjexLDVPzxdEuhYV5Rf55ZekOlc7RKnPKH7IxMBQUcQgBdWQnJ9XnJ+TqucMoUEKGSCAEaSwAACsNFCqYAAAAA==[0m[ERROR] [Help 1] http://cwiki.apache.org/confluence/display/MAVEN/DependencyResolutionException
[8mha:////4MUqphpctUrimA0GL9ShYZHNtfujh43wX2GQjkyeZkM1AAAAYB+LCAAAAAAAAP9b85aBtbiIQSmjNKU4P0+vJLE4u1gvPjexLDVPzxdEuhYV5Rf55ZekOlc7RKnPKH7IxMBQUcQgBdWQnJ9XnJ+TqucMoUEKGSCAEaSwAACsNFCqYAAAAA==[0m[ERROR] 
[8mha:////4MUqphpctUrimA0GL9ShYZHNtfujh43wX2GQjkyeZkM1AAAAYB+LCAAAAAAAAP9b85aBtbiIQSmjNKU4P0+vJLE4u1gvPjexLDVPzxdEuhYV5Rf55ZekOlc7RKnPKH7IxMBQUcQgBdWQnJ9XnJ+TqucMoUEKGSCAEaSwAACsNFCqYAAAAA==[0m[ERROR] After correcting the problems, you can resume the build with the command
[8mha:////4MUqphpctUrimA0GL9ShYZHNtfujh43wX2GQjkyeZkM1AAAAYB+LCAAAAAAAAP9b85aBtbiIQSmjNKU4P0+vJLE4u1gvPjexLDVPzxdEuhYV5Rf55ZekOlc7RKnPKH7IxMBQUcQgBdWQnJ9XnJ+TqucMoUEKGSCAEaSwAACsNFCqYAAAAA==[0m[ERROR]   mvn <goals> -rf :comptable.bean
Build step 'Invoke top-level Maven targets' marked build as failure
Finished: FAILURE
