Started by user [8mha:////4LWRKVM/RLrsh5ZZtu96AvWW3T3LEjJKChClVcZTORbQAAAAmR+LCAAAAAAAAP9b85aBtbiIQTGjNKU4P08vOT+vOD8nVc83PyU1x6OyILUoJzMv2y+/JJUBAhiZGBgqihhk0NSjKDWzXb3RdlLBUSYGJk8GtpzUvPSSDB8G5tKinBIGIZ+sxLJE/ZzEvHT94JKizLx0a6BxUmjGOUNodHsLgAz2EgZe/dLi1CL9tJz8oszEPADJzGJ3wgAAAA==[0mFlorian
Building in workspace /var/jenkins_home/workspace/polyeventbackendwar
 > git rev-parse --is-inside-work-tree # timeout=10
Fetching changes from the remote Git repository
 > git config remote.origin.url https://lf612146@mjollnir.unice.fr/bitbucket/scm/idh/main.git # timeout=10
Fetching upstream changes from https://lf612146@mjollnir.unice.fr/bitbucket/scm/idh/main.git
 > git --version # timeout=10
using GIT_ASKPASS to set credentials 
 > git fetch --tags --progress https://lf612146@mjollnir.unice.fr/bitbucket/scm/idh/main.git +refs/heads/*:refs/remotes/origin/*
 > git rev-parse refs/remotes/origin/test/artifactory^{commit} # timeout=10
 > git rev-parse refs/remotes/origin/origin/test/artifactory^{commit} # timeout=10
Checking out Revision 5c6e680e3012eea4d1ce3bda147eea428e2e1f5e (refs/remotes/origin/test/artifactory)
 > git config core.sparsecheckout # timeout=10
 > git checkout -f 5c6e680e3012eea4d1ce3bda147eea428e2e1f5e
Commit message: "change token for artifactory"
 > git rev-list --no-walk 5c6e680e3012eea4d1ce3bda147eea428e2e1f5e # timeout=10
[polyeventbackendwar] $ /bin/sh -xe /tmp/jenkins2447221129772460017.sh
+ cd polyeventbackend/polyeventbackendwar
+ docker build . -t polyeventbackend:latest
Sending build context to Docker daemon  105.5MB
Step 1/2 : FROM tomee:8-jre-7.0.2-plus
 ---> 8311f7a68f5b
Step 2/2 : ADD target/polyeventbackend-war.war /usr/local/tomee/webapps
 ---> Using cache
 ---> 6d79249d3e46
Successfully built 6d79249d3e46
Successfully tagged polyeventbackend:latest
[polyeventbackendwar] $ /var/jenkins_home/tools/hudson.tasks.Maven_MavenInstallation/maven/bin/mvn -f polyeventbackend/polyeventbackendwar clean deploy
[INFO] Scanning for projects...
[INFO] 
[INFO] --------< fr.unice.polytech.isa.polyevent:polyeventbackend-war >--------
[INFO] Building polyeventbackend-war Maven Webapp 1.0-SNAPSHOT
[INFO] --------------------------------[ war ]---------------------------------
Downloading from snapshots: http://artifactory:8081/artifactory/polyeventbackend/fr/unice/polytech/isa/polyevent/polyevent-backend-demande-evenement/1.0-SNAPSHOT/polyevent-backend-demande-evenement-1.0-20180504.090357-4.pom
Progress (1): 806 B                   Downloaded from snapshots: http://artifactory:8081/artifactory/polyeventbackend/fr/unice/polytech/isa/polyevent/polyevent-backend-demande-evenement/1.0-SNAPSHOT/polyevent-backend-demande-evenement-1.0-20180504.090357-4.pom (806 B at 2.7 kB/s)
Downloading from snapshots: http://artifactory:8081/artifactory/polyeventbackend/fr/unice/polytech/isa/polyevent/polyevent-backend-profil/1.0-SNAPSHOT/polyevent-backend-profil-1.0-20180504.090349-1.pom
Progress (1): 924 B                   Downloaded from snapshots: http://artifactory:8081/artifactory/polyeventbackend/fr/unice/polytech/isa/polyevent/polyevent-backend-profil/1.0-SNAPSHOT/polyevent-backend-profil-1.0-20180504.090349-1.pom (924 B at 18 kB/s)
Downloading from snapshots: http://artifactory:8081/artifactory/polyeventbackend/fr/unice/polytech/isa/polyevent/polyevent-backend-profil/1.0-SNAPSHOT/polyevent-backend-profil-1.0-20180504.090349-1.jar
Progress (1): 4.1/4.5 kBProgress (1): 4.5 kB                        Downloaded from snapshots: http://artifactory:8081/artifactory/polyeventbackend/fr/unice/polytech/isa/polyevent/polyevent-backend-profil/1.0-SNAPSHOT/polyevent-backend-profil-1.0-20180504.090349-1.jar (4.5 kB at 66 kB/s)
[INFO] ------------------------------------------------------------------------
[INFO] BUILD FAILURE
[INFO] ------------------------------------------------------------------------
[INFO] Total time: 10.825 s
[INFO] Finished at: 2018-05-04T09:05:50Z
[INFO] ------------------------------------------------------------------------
[8mha:////4MUqphpctUrimA0GL9ShYZHNtfujh43wX2GQjkyeZkM1AAAAYB+LCAAAAAAAAP9b85aBtbiIQSmjNKU4P0+vJLE4u1gvPjexLDVPzxdEuhYV5Rf55ZekOlc7RKnPKH7IxMBQUcQgBdWQnJ9XnJ+TqucMoUEKGSCAEaSwAACsNFCqYAAAAA==[0m[ERROR] Failed to execute goal on project polyeventbackend-war: Could not resolve dependencies for project fr.unice.polytech.isa.polyevent:polyeventbackend-war:war:1.0-SNAPSHOT: Failure to find fr.unice.polytech.isa.polyevent:polyevent-backend-comptable-web-service:jar:1.0-20180504.063101-1 in http://artifactory:8081/artifactory/polyeventbackend was cached in the local repository, resolution will not be reattempted until the update interval of snapshots has elapsed or updates are forced -> [Help 1]
[8mha:////4MUqphpctUrimA0GL9ShYZHNtfujh43wX2GQjkyeZkM1AAAAYB+LCAAAAAAAAP9b85aBtbiIQSmjNKU4P0+vJLE4u1gvPjexLDVPzxdEuhYV5Rf55ZekOlc7RKnPKH7IxMBQUcQgBdWQnJ9XnJ+TqucMoUEKGSCAEaSwAACsNFCqYAAAAA==[0m[ERROR] 
[8mha:////4MUqphpctUrimA0GL9ShYZHNtfujh43wX2GQjkyeZkM1AAAAYB+LCAAAAAAAAP9b85aBtbiIQSmjNKU4P0+vJLE4u1gvPjexLDVPzxdEuhYV5Rf55ZekOlc7RKnPKH7IxMBQUcQgBdWQnJ9XnJ+TqucMoUEKGSCAEaSwAACsNFCqYAAAAA==[0m[ERROR] To see the full stack trace of the errors, re-run Maven with the -e switch.
[8mha:////4MUqphpctUrimA0GL9ShYZHNtfujh43wX2GQjkyeZkM1AAAAYB+LCAAAAAAAAP9b85aBtbiIQSmjNKU4P0+vJLE4u1gvPjexLDVPzxdEuhYV5Rf55ZekOlc7RKnPKH7IxMBQUcQgBdWQnJ9XnJ+TqucMoUEKGSCAEaSwAACsNFCqYAAAAA==[0m[ERROR] Re-run Maven using the -X switch to enable full debug logging.
[8mha:////4MUqphpctUrimA0GL9ShYZHNtfujh43wX2GQjkyeZkM1AAAAYB+LCAAAAAAAAP9b85aBtbiIQSmjNKU4P0+vJLE4u1gvPjexLDVPzxdEuhYV5Rf55ZekOlc7RKnPKH7IxMBQUcQgBdWQnJ9XnJ+TqucMoUEKGSCAEaSwAACsNFCqYAAAAA==[0m[ERROR] 
[8mha:////4MUqphpctUrimA0GL9ShYZHNtfujh43wX2GQjkyeZkM1AAAAYB+LCAAAAAAAAP9b85aBtbiIQSmjNKU4P0+vJLE4u1gvPjexLDVPzxdEuhYV5Rf55ZekOlc7RKnPKH7IxMBQUcQgBdWQnJ9XnJ+TqucMoUEKGSCAEaSwAACsNFCqYAAAAA==[0m[ERROR] For more information about the errors and possible solutions, please read the following articles:
[8mha:////4MUqphpctUrimA0GL9ShYZHNtfujh43wX2GQjkyeZkM1AAAAYB+LCAAAAAAAAP9b85aBtbiIQSmjNKU4P0+vJLE4u1gvPjexLDVPzxdEuhYV5Rf55ZekOlc7RKnPKH7IxMBQUcQgBdWQnJ9XnJ+TqucMoUEKGSCAEaSwAACsNFCqYAAAAA==[0m[ERROR] [Help 1] http://cwiki.apache.org/confluence/display/MAVEN/DependencyResolutionException
Build step 'Invoke top-level Maven targets' marked build as failure
Finished: FAILURE
