Started by upstream project "[8mha:////4MSajOzXBeBcvj29qkrLZh2aJmMlJzr1RctIgqZVTAFBAAAAmB+LCAAAAAAAAP9b85aBtbiIQTGjNKU4P08vOT+vOD8nVc83PyU1x6OyILUoJzMv2y+/JJUBAhiZGBgqihhk0NSjKDWzXb3RdlLBUSYGJk8GtpzUvPSSDB8G5tKinBIGIZ+sxLJE/ZzEvHT94JKizLx0a6BxUmjGOUNodHsLgAy2EgYe/az8JP3k/Nzc0jx9AMP+EVvBAAAA[0mcommun" build number [8mha:////4PMSuF5cUawf3Z+vv5SPxpnCy4IfGZxcbiq06ddVDSsUAAAAmh+LCAAAAAAAAP9b85aBtbiIQTGjNKU4P08vOT+vOD8nVc83PyU1x6OyILUoJzMv2y+/JJUBAhiZGBgqihhk0NSjKDWzXb3RdlLBUSYGJk8GtpzUvPSSDB8G5tKinBIGIZ+sxLJE/ZzEvHT94JKizLx0a6BxUmjGOUNodHsLgAymEgY+/az8JP3k/Nzc0jx9EzMAgRK1LMMAAAA=[0m46
originally caused by:
 Started by user [8mha:////4LWRKVM/RLrsh5ZZtu96AvWW3T3LEjJKChClVcZTORbQAAAAmR+LCAAAAAAAAP9b85aBtbiIQTGjNKU4P08vOT+vOD8nVc83PyU1x6OyILUoJzMv2y+/JJUBAhiZGBgqihhk0NSjKDWzXb3RdlLBUSYGJk8GtpzUvPSSDB8G5tKinBIGIZ+sxLJE/ZzEvHT94JKizLx0a6BxUmjGOUNodHsLgAz2EgZe/dLi1CL9tJz8oszEPADJzGJ3wgAAAA==[0mFlorian
Building in workspace /var/jenkins_home/workspace/polyeventbackendprofil
 > git rev-parse --is-inside-work-tree # timeout=10
Fetching changes from the remote Git repository
 > git config remote.origin.url https://lf612146@mjollnir.unice.fr/bitbucket/scm/idh/main.git # timeout=10
Fetching upstream changes from https://lf612146@mjollnir.unice.fr/bitbucket/scm/idh/main.git
 > git --version # timeout=10
using GIT_ASKPASS to set credentials 
 > git fetch --tags --progress https://lf612146@mjollnir.unice.fr/bitbucket/scm/idh/main.git +refs/heads/*:refs/remotes/origin/*
 > git rev-parse refs/remotes/origin/test/artifactory^{commit} # timeout=10
 > git rev-parse refs/remotes/origin/origin/test/artifactory^{commit} # timeout=10
Checking out Revision 4b208e0c205e27605998ff63d204428733ff9ec1 (refs/remotes/origin/test/artifactory)
 > git config core.sparsecheckout # timeout=10
 > git checkout -f 4b208e0c205e27605998ff63d204428733ff9ec1
Commit message: "Merge branch 'feature/development' into test/artifactory"
 > git rev-list --no-walk 83f82058882ffb9f1fe9822e47482c7c80c69c8a # timeout=10
[polyeventbackendprofil] $ /var/jenkins_home/tools/hudson.tasks.Maven_MavenInstallation/maven/bin/mvn -f polyeventbackend/polyeventbackendprofil clean deploy
[INFO] Scanning for projects...
[8mha:////4MUqphpctUrimA0GL9ShYZHNtfujh43wX2GQjkyeZkM1AAAAYB+LCAAAAAAAAP9b85aBtbiIQSmjNKU4P0+vJLE4u1gvPjexLDVPzxdEuhYV5Rf55ZekOlc7RKnPKH7IxMBQUcQgBdWQnJ9XnJ+TqucMoUEKGSCAEaSwAACsNFCqYAAAAA==[0m[ERROR] [ERROR] Some problems were encountered while processing the POMs:
[FATAL] Non-readable POM /var/jenkins_home/workspace/polyeventbackendprofil/polyeventbackend/polyeventbackendprofil/pom.xml: /var/jenkins_home/workspace/polyeventbackendprofil/polyeventbackend/polyeventbackendprofil/pom.xml (No such file or directory) @ 
 @ 
[8mha:////4MUqphpctUrimA0GL9ShYZHNtfujh43wX2GQjkyeZkM1AAAAYB+LCAAAAAAAAP9b85aBtbiIQSmjNKU4P0+vJLE4u1gvPjexLDVPzxdEuhYV5Rf55ZekOlc7RKnPKH7IxMBQUcQgBdWQnJ9XnJ+TqucMoUEKGSCAEaSwAACsNFCqYAAAAA==[0m[ERROR] The build could not read 1 project -> [Help 1]
[8mha:////4MUqphpctUrimA0GL9ShYZHNtfujh43wX2GQjkyeZkM1AAAAYB+LCAAAAAAAAP9b85aBtbiIQSmjNKU4P0+vJLE4u1gvPjexLDVPzxdEuhYV5Rf55ZekOlc7RKnPKH7IxMBQUcQgBdWQnJ9XnJ+TqucMoUEKGSCAEaSwAACsNFCqYAAAAA==[0m[ERROR]   
[8mha:////4MUqphpctUrimA0GL9ShYZHNtfujh43wX2GQjkyeZkM1AAAAYB+LCAAAAAAAAP9b85aBtbiIQSmjNKU4P0+vJLE4u1gvPjexLDVPzxdEuhYV5Rf55ZekOlc7RKnPKH7IxMBQUcQgBdWQnJ9XnJ+TqucMoUEKGSCAEaSwAACsNFCqYAAAAA==[0m[ERROR]   The project  (/var/jenkins_home/workspace/polyeventbackendprofil/polyeventbackend/polyeventbackendprofil/pom.xml) has 1 error
[8mha:////4MUqphpctUrimA0GL9ShYZHNtfujh43wX2GQjkyeZkM1AAAAYB+LCAAAAAAAAP9b85aBtbiIQSmjNKU4P0+vJLE4u1gvPjexLDVPzxdEuhYV5Rf55ZekOlc7RKnPKH7IxMBQUcQgBdWQnJ9XnJ+TqucMoUEKGSCAEaSwAACsNFCqYAAAAA==[0m[ERROR]     Non-readable POM /var/jenkins_home/workspace/polyeventbackendprofil/polyeventbackend/polyeventbackendprofil/pom.xml: /var/jenkins_home/workspace/polyeventbackendprofil/polyeventbackend/polyeventbackendprofil/pom.xml (No such file or directory)
[8mha:////4MUqphpctUrimA0GL9ShYZHNtfujh43wX2GQjkyeZkM1AAAAYB+LCAAAAAAAAP9b85aBtbiIQSmjNKU4P0+vJLE4u1gvPjexLDVPzxdEuhYV5Rf55ZekOlc7RKnPKH7IxMBQUcQgBdWQnJ9XnJ+TqucMoUEKGSCAEaSwAACsNFCqYAAAAA==[0m[ERROR] 
[8mha:////4MUqphpctUrimA0GL9ShYZHNtfujh43wX2GQjkyeZkM1AAAAYB+LCAAAAAAAAP9b85aBtbiIQSmjNKU4P0+vJLE4u1gvPjexLDVPzxdEuhYV5Rf55ZekOlc7RKnPKH7IxMBQUcQgBdWQnJ9XnJ+TqucMoUEKGSCAEaSwAACsNFCqYAAAAA==[0m[ERROR] To see the full stack trace of the errors, re-run Maven with the -e switch.
[8mha:////4MUqphpctUrimA0GL9ShYZHNtfujh43wX2GQjkyeZkM1AAAAYB+LCAAAAAAAAP9b85aBtbiIQSmjNKU4P0+vJLE4u1gvPjexLDVPzxdEuhYV5Rf55ZekOlc7RKnPKH7IxMBQUcQgBdWQnJ9XnJ+TqucMoUEKGSCAEaSwAACsNFCqYAAAAA==[0m[ERROR] Re-run Maven using the -X switch to enable full debug logging.
[8mha:////4MUqphpctUrimA0GL9ShYZHNtfujh43wX2GQjkyeZkM1AAAAYB+LCAAAAAAAAP9b85aBtbiIQSmjNKU4P0+vJLE4u1gvPjexLDVPzxdEuhYV5Rf55ZekOlc7RKnPKH7IxMBQUcQgBdWQnJ9XnJ+TqucMoUEKGSCAEaSwAACsNFCqYAAAAA==[0m[ERROR] 
[8mha:////4MUqphpctUrimA0GL9ShYZHNtfujh43wX2GQjkyeZkM1AAAAYB+LCAAAAAAAAP9b85aBtbiIQSmjNKU4P0+vJLE4u1gvPjexLDVPzxdEuhYV5Rf55ZekOlc7RKnPKH7IxMBQUcQgBdWQnJ9XnJ+TqucMoUEKGSCAEaSwAACsNFCqYAAAAA==[0m[ERROR] For more information about the errors and possible solutions, please read the following articles:
[8mha:////4MUqphpctUrimA0GL9ShYZHNtfujh43wX2GQjkyeZkM1AAAAYB+LCAAAAAAAAP9b85aBtbiIQSmjNKU4P0+vJLE4u1gvPjexLDVPzxdEuhYV5Rf55ZekOlc7RKnPKH7IxMBQUcQgBdWQnJ9XnJ+TqucMoUEKGSCAEaSwAACsNFCqYAAAAA==[0m[ERROR] [Help 1] http://cwiki.apache.org/confluence/display/MAVEN/ProjectBuildingException
Build step 'Invoke top-level Maven targets' marked build as failure
Finished: FAILURE
