Started by user [8mha:////4LWRKVM/RLrsh5ZZtu96AvWW3T3LEjJKChClVcZTORbQAAAAmR+LCAAAAAAAAP9b85aBtbiIQTGjNKU4P08vOT+vOD8nVc83PyU1x6OyILUoJzMv2y+/JJUBAhiZGBgqihhk0NSjKDWzXb3RdlLBUSYGJk8GtpzUvPSSDB8G5tKinBIGIZ+sxLJE/ZzEvHT94JKizLx0a6BxUmjGOUNodHsLgAz2EgZe/dLi1CL9tJz8oszEPADJzGJ3wgAAAA==[0mFlorian
Building in workspace /var/jenkins_home/workspace/polyeventbackendlogin
Cloning the remote Git repository
Cloning repository https://lf612146@mjollnir.unice.fr/bitbucket/scm/idh/main.git
 > git init /var/jenkins_home/workspace/polyeventbackendlogin # timeout=10
Fetching upstream changes from https://lf612146@mjollnir.unice.fr/bitbucket/scm/idh/main.git
 > git --version # timeout=10
using GIT_ASKPASS to set credentials 
 > git fetch --tags --progress https://lf612146@mjollnir.unice.fr/bitbucket/scm/idh/main.git +refs/heads/*:refs/remotes/origin/*
 > git config remote.origin.url https://lf612146@mjollnir.unice.fr/bitbucket/scm/idh/main.git # timeout=10
 > git config --add remote.origin.fetch +refs/heads/*:refs/remotes/origin/* # timeout=10
 > git config remote.origin.url https://lf612146@mjollnir.unice.fr/bitbucket/scm/idh/main.git # timeout=10
Fetching upstream changes from https://lf612146@mjollnir.unice.fr/bitbucket/scm/idh/main.git
using GIT_ASKPASS to set credentials 
 > git fetch --tags --progress https://lf612146@mjollnir.unice.fr/bitbucket/scm/idh/main.git +refs/heads/*:refs/remotes/origin/*
 > git rev-parse refs/remotes/origin/test/artifactory^{commit} # timeout=10
 > git rev-parse refs/remotes/origin/origin/test/artifactory^{commit} # timeout=10
Checking out Revision ea549b5a41ef01eeb427b3e950174f289f3f7751 (refs/remotes/origin/test/artifactory)
 > git config core.sparsecheckout # timeout=10
 > git checkout -f ea549b5a41ef01eeb427b3e950174f289f3f7751
Commit message: "Merge branch 'feature/development' into test/artifactory"
First time build. Skipping changelog.
[polyeventbackendlogin] $ /var/jenkins_home/tools/hudson.tasks.Maven_MavenInstallation/maven/bin/mvn -f polyeventbackend/polyeventbackendlogin clean deploy
[INFO] Scanning for projects...
[INFO] 
[INFO] ------< fr.unice.polytech.isa.polyevent:polyevent-backend-login >-------
[INFO] Building polyevent-backend-login 1.0-SNAPSHOT
[INFO] --------------------------------[ jar ]---------------------------------
[INFO] ------------------------------------------------------------------------
[INFO] BUILD FAILURE
[INFO] ------------------------------------------------------------------------
[INFO] Total time: 3.542 s
[INFO] Finished at: 2018-04-26T09:01:17Z
[INFO] ------------------------------------------------------------------------
[8mha:////4MUqphpctUrimA0GL9ShYZHNtfujh43wX2GQjkyeZkM1AAAAYB+LCAAAAAAAAP9b85aBtbiIQSmjNKU4P0+vJLE4u1gvPjexLDVPzxdEuhYV5Rf55ZekOlc7RKnPKH7IxMBQUcQgBdWQnJ9XnJ+TqucMoUEKGSCAEaSwAACsNFCqYAAAAA==[0m[ERROR] Failed to execute goal on project polyevent-backend-login: Could not resolve dependencies for project fr.unice.polytech.isa.polyevent:polyevent-backend-login:jar:1.0-SNAPSHOT: Failed to collect dependencies at fr.unice.polytech.isa.polyevent:commun:jar:1.0-SNAPSHOT: Failed to read artifact descriptor for fr.unice.polytech.isa.polyevent:commun:jar:1.0-SNAPSHOT: Could not find artifact fr.unice.polytech.isa.polyevent:polyevent-backend:pom:1.0-SNAPSHOT -> [Help 1]
[8mha:////4MUqphpctUrimA0GL9ShYZHNtfujh43wX2GQjkyeZkM1AAAAYB+LCAAAAAAAAP9b85aBtbiIQSmjNKU4P0+vJLE4u1gvPjexLDVPzxdEuhYV5Rf55ZekOlc7RKnPKH7IxMBQUcQgBdWQnJ9XnJ+TqucMoUEKGSCAEaSwAACsNFCqYAAAAA==[0m[ERROR] 
[8mha:////4MUqphpctUrimA0GL9ShYZHNtfujh43wX2GQjkyeZkM1AAAAYB+LCAAAAAAAAP9b85aBtbiIQSmjNKU4P0+vJLE4u1gvPjexLDVPzxdEuhYV5Rf55ZekOlc7RKnPKH7IxMBQUcQgBdWQnJ9XnJ+TqucMoUEKGSCAEaSwAACsNFCqYAAAAA==[0m[ERROR] To see the full stack trace of the errors, re-run Maven with the -e switch.
[8mha:////4MUqphpctUrimA0GL9ShYZHNtfujh43wX2GQjkyeZkM1AAAAYB+LCAAAAAAAAP9b85aBtbiIQSmjNKU4P0+vJLE4u1gvPjexLDVPzxdEuhYV5Rf55ZekOlc7RKnPKH7IxMBQUcQgBdWQnJ9XnJ+TqucMoUEKGSCAEaSwAACsNFCqYAAAAA==[0m[ERROR] Re-run Maven using the -X switch to enable full debug logging.
[8mha:////4MUqphpctUrimA0GL9ShYZHNtfujh43wX2GQjkyeZkM1AAAAYB+LCAAAAAAAAP9b85aBtbiIQSmjNKU4P0+vJLE4u1gvPjexLDVPzxdEuhYV5Rf55ZekOlc7RKnPKH7IxMBQUcQgBdWQnJ9XnJ+TqucMoUEKGSCAEaSwAACsNFCqYAAAAA==[0m[ERROR] 
[8mha:////4MUqphpctUrimA0GL9ShYZHNtfujh43wX2GQjkyeZkM1AAAAYB+LCAAAAAAAAP9b85aBtbiIQSmjNKU4P0+vJLE4u1gvPjexLDVPzxdEuhYV5Rf55ZekOlc7RKnPKH7IxMBQUcQgBdWQnJ9XnJ+TqucMoUEKGSCAEaSwAACsNFCqYAAAAA==[0m[ERROR] For more information about the errors and possible solutions, please read the following articles:
[8mha:////4MUqphpctUrimA0GL9ShYZHNtfujh43wX2GQjkyeZkM1AAAAYB+LCAAAAAAAAP9b85aBtbiIQSmjNKU4P0+vJLE4u1gvPjexLDVPzxdEuhYV5Rf55ZekOlc7RKnPKH7IxMBQUcQgBdWQnJ9XnJ+TqucMoUEKGSCAEaSwAACsNFCqYAAAAA==[0m[ERROR] [Help 1] http://cwiki.apache.org/confluence/display/MAVEN/DependencyResolutionException
Build step 'Invoke top-level Maven targets' marked build as failure
Finished: FAILURE
